<?xml version="1.0" encoding="UTF-8"?>
<testng-results skipped="0" failed="0" ignored="0" total="1" passed="1">
  <reporter-output>
  </reporter-output>
  <suite name="Default suite" duration-ms="9759" started-at="2020-05-11T15:35:43 EDT" finished-at="2020-05-11T15:35:53 EDT">
    <groups>
    </groups>
    <test name="Default test" duration-ms="9759" started-at="2020-05-11T15:35:43 EDT" finished-at="2020-05-11T15:35:53 EDT">
      <class name="test.SelectClass">
        <test-method status="PASS" signature="launchBrowser()[pri:0, instance:test.SelectClass@1ba9117e]" name="launchBrowser" is-config="true" duration-ms="6569" started-at="2020-05-11T15:35:43 EDT" finished-at="2020-05-11T15:35:50 EDT">
          <reporter-output>
          </reporter-output>
        </test-method> <!-- launchBrowser -->
        <test-method status="PASS" signature="selectTest()[pri:0, instance:test.SelectClass@1ba9117e]" name="selectTest" duration-ms="2281" started-at="2020-05-11T15:35:50 EDT" finished-at="2020-05-11T15:35:52 EDT">
          <reporter-output>
          </reporter-output>
        </test-method> <!-- selectTest -->
        <test-method status="PASS" signature="tearDown()[pri:0, instance:test.SelectClass@1ba9117e]" name="tearDown" is-config="true" duration-ms="817" started-at="2020-05-11T15:35:52 EDT" finished-at="2020-05-11T15:35:53 EDT">
          <reporter-output>
          </reporter-output>
        </test-method> <!-- tearDown -->
      </class> <!-- test.SelectClass -->
    </test> <!-- Default test -->
  </suite> <!-- Default suite -->
</testng-results>
